Using pre-set license
Built from '2022.3/release' branch; Version is '2022.3.20f1 (61c2feb0970d) revision 6406910'; Using compiler version '192829333'; Build Type 'Release'
OS: 'Windows 10  (10.0.19045) 64bit Professional' Language: 'en' Physical Memory: 65480 MB
BatchMode: 1, IsHumanControllingUs: 0, StartBugReporterOnCrash: 0, Is64bit: 1, IsPro: 1

COMMAND LINE ARGUMENTS:
C:\Program Files\Unity\Hub\Editor\2022.3.20f1\Editor\Unity.exe
-adb2
-batchMode
-noUpm
-name
AssetImportWorker2
-projectPath
C:/Users/Betty/TerminalSpaceGit
-logFile
Logs/AssetImportWorker2.log
-srvPort
61685
Successfully changed project path to: C:/Users/Betty/TerminalSpaceGit
C:/Users/Betty/TerminalSpaceGit
[UnityMemory] Configuration Parameters - Can be set up in boot.config
    "memorysetup-bucket-allocator-granularity=16"
    "memorysetup-bucket-allocator-bucket-count=8"
    "memorysetup-bucket-allocator-block-size=33554432"
    "memorysetup-bucket-allocator-block-count=8"
    "memorysetup-main-allocator-block-size=16777216"
    "memorysetup-thread-allocator-block-size=16777216"
    "memorysetup-gfx-main-allocator-block-size=16777216"
    "memorysetup-gfx-thread-allocator-block-size=16777216"
    "memorysetup-cache-allocator-block-size=4194304"
    "memorysetup-typetree-allocator-block-size=2097152"
    "memorysetup-profiler-bucket-allocator-granularity=16"
    "memorysetup-profiler-bucket-allocator-bucket-count=8"
    "memorysetup-profiler-bucket-allocator-block-size=33554432"
    "memorysetup-profiler-bucket-allocator-block-count=8"
    "memorysetup-profiler-allocator-block-size=16777216"
    "memorysetup-profiler-editor-allocator-block-size=1048576"
    "memorysetup-temp-allocator-size-main=16777216"
    "memorysetup-job-temp-allocator-block-size=2097152"
    "memorysetup-job-temp-allocator-block-size-background=1048576"
    "memorysetup-job-temp-allocator-reduction-small-platforms=262144"
    "memorysetup-allocator-temp-initial-block-size-main=262144"
    "memorysetup-allocator-temp-initial-block-size-worker=262144"
    "memorysetup-temp-allocator-size-background-worker=32768"
    "memorysetup-temp-allocator-size-job-worker=262144"
    "memorysetup-temp-allocator-size-preload-manager=33554432"
    "memorysetup-temp-allocator-size-nav-mesh-worker=65536"
    "memorysetup-temp-allocator-size-audio-worker=65536"
    "memorysetup-temp-allocator-size-cloud-worker=32768"
    "memorysetup-temp-allocator-size-gi-baking-worker=262144"
    "memorysetup-temp-allocator-size-gfx=262144"
Player connection [16236] Host "[IP] 192.168.70.71 [Port] 0 [Flags] 2 [Guid] 1535772682 [EditorId] 1535772682 [Version] 1048832 [Id] WindowsEditor(7,T3610-J5KVR22) [Debug] 1 [PackageName] WindowsEditor [ProjectName] Editor" joined multi-casting on [225.0.0.222:54997]...

Player connection [16236] Host "[IP] 192.168.70.71 [Port] 0 [Flags] 2 [Guid] 1535772682 [EditorId] 1535772682 [Version] 1048832 [Id] WindowsEditor(7,T3610-J5KVR22) [Debug] 1 [PackageName] WindowsEditor [ProjectName] Editor" joined alternative multi-casting on [225.0.0.222:34997]...

[Physics::Module] Initialized MultithreadedJobDispatcher with 15 workers.
Refreshing native plugins compatible for Editor in 24.32 ms, found 3 plugins.
Preloading 0 native plugins for Editor in 0.00 ms.
Initialize engine version: 2022.3.20f1 (61c2feb0970d)
[Subsystems] Discovering subsystems at path C:/Program Files/Unity/Hub/Editor/2022.3.20f1/Editor/Data/Resources/UnitySubsystems
[Subsystems] Discovering subsystems at path C:/Users/Betty/TerminalSpaceGit/Assets
GfxDevice: creating device client; threaded=0; jobified=0
Direct3D:
    Version:  Direct3D 11.0 [level 11.1]
    Renderer: NVIDIA GeForce GTX 1080 (ID=0x1b80)
    Vendor:   NVIDIA
    VRAM:     8059 MB
    Driver:   32.0.15.6636
Initialize mono
Mono path[0] = 'C:/Program Files/Unity/Hub/Editor/2022.3.20f1/Editor/Data/Managed'
Mono path[1] = 'C:/Program Files/Unity/Hub/Editor/2022.3.20f1/Editor/Data/MonoBleedingEdge/lib/mono/unityjit-win32'
Mono config path = 'C:/Program Files/Unity/Hub/Editor/2022.3.20f1/Editor/Data/MonoBleedingEdge/etc'
Using monoOptions --debugger-agent=transport=dt_socket,embedding=1,server=y,suspend=n,address=127.0.0.1:56984
Begin MonoManager ReloadAssembly
Registering precompiled unity dll's ...
Register platform support module: C:/Program Files/Unity/Hub/Editor/2022.3.20f1/Editor/Data/PlaybackEngines/WindowsStandaloneSupport/UnityEditor.WindowsStandalone.Extensions.dll
Registered in 0.028730 seconds.
- Loaded All Assemblies, in  0.643 seconds
Native extension for WindowsStandalone target not found
Mono: successfully reloaded assembly
- Finished resetting the current domain, in  0.441 seconds
Domain Reload Profiling: 1078ms
	BeginReloadAssembly (192ms)
		ExecutionOrderSort (0ms)
		DisableScriptedObjects (0ms)
		BackupInstance (0ms)
		ReleaseScriptingObjects (0ms)
		CreateAndSetChildDomain (1ms)
	RebuildCommonClasses (54ms)
	RebuildNativeTypeToScriptingClass (20ms)
	initialDomainReloadingComplete (129ms)
	LoadAllAssembliesAndSetupDomain (241ms)
		LoadAssemblies (186ms)
		RebuildTransferFunctionScriptingTraits (0ms)
		AnalyzeDomain (238ms)
			TypeCache.Refresh (235ms)
				TypeCache.ScanAssembly (208ms)
			ScanForSourceGeneratedMonoScriptInfo (1ms)
			ResolveRequiredComponents (1ms)
	FinalizeReload (442ms)
		ReleaseScriptCaches (0ms)
		RebuildScriptCaches (0ms)
		SetupLoadedEditorAssemblies (348ms)
			LogAssemblyErrors (0ms)
			InitializePlatformSupportModulesInManaged (19ms)
			SetLoadedEditorAssemblies (11ms)
			RefreshPlugins (0ms)
			BeforeProcessingInitializeOnLoad (3ms)
			ProcessInitializeOnLoadAttributes (238ms)
			ProcessInitializeOnLoadMethodAttributes (77ms)
			AfterProcessingInitializeOnLoad (0ms)
			EditorAssembliesLoaded (0ms)
		ExecutionOrderSort2 (0ms)
		AwakeInstancesAfterBackupRestoration (0ms)
========================================================================
Worker process is ready to serve import requests
Begin MonoManager ReloadAssembly
- Loaded All Assemblies, in  1.051 seconds
Refreshing native plugins compatible for Editor in 9.92 ms, found 3 plugins.
Native extension for WindowsStandalone target not found
Mono: successfully reloaded assembly
- Finished resetting the current domain, in  1.140 seconds
Domain Reload Profiling: 2177ms
	BeginReloadAssembly (242ms)
		ExecutionOrderSort (0ms)
		DisableScriptedObjects (9ms)
		BackupInstance (0ms)
		ReleaseScriptingObjects (0ms)
		CreateAndSetChildDomain (26ms)
	RebuildCommonClasses (51ms)
	RebuildNativeTypeToScriptingClass (15ms)
	initialDomainReloadingComplete (77ms)
	LoadAllAssembliesAndSetupDomain (652ms)
		LoadAssemblies (551ms)
		RebuildTransferFunctionScriptingTraits (0ms)
		AnalyzeDomain (253ms)
			TypeCache.Refresh (206ms)
				TypeCache.ScanAssembly (185ms)
			ScanForSourceGeneratedMonoScriptInfo (32ms)
			ResolveRequiredComponents (12ms)
	FinalizeReload (1140ms)
		ReleaseScriptCaches (0ms)
		RebuildScriptCaches (0ms)
		SetupLoadedEditorAssemblies (887ms)
			LogAssemblyErrors (0ms)
			InitializePlatformSupportModulesInManaged (14ms)
			SetLoadedEditorAssemblies (6ms)
			RefreshPlugins (0ms)
			BeforeProcessingInitializeOnLoad (142ms)
			ProcessInitializeOnLoadAttributes (583ms)
			ProcessInitializeOnLoadMethodAttributes (116ms)
			AfterProcessingInitializeOnLoad (24ms)
			EditorAssembliesLoaded (0ms)
		ExecutionOrderSort2 (0ms)
		AwakeInstancesAfterBackupRestoration (11ms)
Launched and connected shader compiler UnityShaderCompiler.exe after 0.06 seconds
Refreshing native plugins compatible for Editor in 9.69 ms, found 3 plugins.
Preloading 0 native plugins for Editor in 0.00 ms.
Unloading 4271 Unused Serialized files (Serialized files now loaded: 0)
Unloading 89 unused Assets / (2.1 MB). Loaded Objects now: 4729.
Memory consumption went from 207.3 MB to 205.2 MB.
Total: 5.313200 ms (FindLiveObjects: 0.394100 ms CreateObjectMapping: 0.231900 ms MarkObjects: 4.166500 ms  DeleteObjects: 0.519600 ms)

AssetImportParameters requested are different than current active one (requested -> active):
  custom:container-demuxer-ogg: 62fdf1f143b41e24485cea50d1cbac27 -> 
  custom:video-decoder-ogg-theora: a1e56fd34408186e4bbccfd4996cb3dc -> 
  custom:framework-win-MediaFoundation: 216162199b28c13a410421893ffa2e32 -> 
  custom:CustomObjectIndexerAttribute: 0f5f72dab822025b0759b197a3119d15 -> 
  custom:container-demuxer-webm: 4f35f7cbe854078d1ac9338744f61a02 -> 
  custom:container-muxer-webm: aa71ff27fc2769a1b78a27578f13a17b -> 
  custom:video-decoder-webm-vp8: 9c59270c3fd7afecdb556c50c9e8de78 -> 
  custom:SearchIndexIgnoredProperties: e643bd26f0fe6173181afceb89e7c659 -> 
  custom:AudioImporter_EditorPlatform: d09bf68614088b80899f8185d706f6e7 -> 
  custom:video-encoder-webm-vp8: eb34c28f22e8b96e1ab97ce403110664 -> 
  custom:audio-decoder-ogg-vorbis: bf7c407c2cedff20999df2af8eb42d56 -> 
  custom:audio-encoder-webm-vorbis: bf7c407c2cedff20999df2af8eb42d56 -> 
========================================================================
Received Import Request.
  Time since last request: 213522.397979 seconds.
  path: Assets/Sprites/astro.png
  artifactKey: Guid(8c2efd451c4a99b408a5133b9bc10c9d) Importer(815301076,1909f56bfc062723c751e8b465ee728b)
Start importing Assets/Sprites/astro.png using Guid(8c2efd451c4a99b408a5133b9bc10c9d) Importer(815301076,1909f56bfc062723c751e8b465ee728b)  -> (artifact id: '92886100c6ad3d9e2c96d00cde280901') in 0.204908 seconds
Number of updated asset objects reloaded before import = 0
Number of asset objects unloaded after import = 6
========================================================================
Received Import Request.
  Time since last request: 0.000022 seconds.
  path: Assets/Sprites/shp_sulking.png
  artifactKey: Guid(84d5a5f4bfa0d824fb4fb58add16529c) Importer(815301076,1909f56bfc062723c751e8b465ee728b)
Start importing Assets/Sprites/shp_sulking.png using Guid(84d5a5f4bfa0d824fb4fb58add16529c) Importer(815301076,1909f56bfc062723c751e8b465ee728b)  -> (artifact id: 'ea31064c68b2faf074d59bc79fbc4a31') in 0.045180 seconds
Number of updated asset objects reloaded before import = 0
Number of asset objects unloaded after import = 3
========================================================================
Received Import Request.
  Time since last request: 0.000036 seconds.
  path: Assets/Sprites/shp_smile.png
  artifactKey: Guid(dc150c42bd62a024fadf835a48029c68) Importer(815301076,1909f56bfc062723c751e8b465ee728b)
Start importing Assets/Sprites/shp_smile.png using Guid(dc150c42bd62a024fadf835a48029c68) Importer(815301076,1909f56bfc062723c751e8b465ee728b)  -> (artifact id: '3f6ad1e902b50c1262aadecec0e23165') in 0.043989 seconds
Number of updated asset objects reloaded before import = 0
Number of asset objects unloaded after import = 3
========================================================================
Received Import Request.
  Time since last request: 0.000020 seconds.
  path: Assets/Sprites/shp_realsmile.png
  artifactKey: Guid(4432fb6b17af70e4396a548a0451fbb9) Importer(815301076,1909f56bfc062723c751e8b465ee728b)
Start importing Assets/Sprites/shp_realsmile.png using Guid(4432fb6b17af70e4396a548a0451fbb9) Importer(815301076,1909f56bfc062723c751e8b465ee728b)  -> (artifact id: 'a78032e2f52c6e82513d6c49e53a4f8f') in 0.041303 seconds
Number of updated asset objects reloaded before import = 0
Number of asset objects unloaded after import = 3
========================================================================
Received Import Request.
  Time since last request: 0.000019 seconds.
  path: Assets/Sprites/shp_angry.png
  artifactKey: Guid(4dc08ef60a27cbb4590b976a7dbb28f5) Importer(815301076,1909f56bfc062723c751e8b465ee728b)
Start importing Assets/Sprites/shp_angry.png using Guid(4dc08ef60a27cbb4590b976a7dbb28f5) Importer(815301076,1909f56bfc062723c751e8b465ee728b)  -> (artifact id: 'c28b47cfd563f69d4dc31893eea882b1') in 0.042310 seconds
Number of updated asset objects reloaded before import = 0
Number of asset objects unloaded after import = 3
========================================================================
Received Import Request.
  Time since last request: 0.000018 seconds.
  path: Assets/Sprites/JunkCursor.png
  artifactKey: Guid(5b5fac366c72ea747a632b6eaf073a15) Importer(815301076,1909f56bfc062723c751e8b465ee728b)
Start importing Assets/Sprites/JunkCursor.png using Guid(5b5fac366c72ea747a632b6eaf073a15) Importer(815301076,1909f56bfc062723c751e8b465ee728b)  -> (artifact id: 'cdc5ac6ebd06743f430ac21af19223e4') in 0.046739 seconds
Number of updated asset objects reloaded before import = 0
Number of asset objects unloaded after import = 3
========================================================================
Received Import Request.
  Time since last request: 0.000022 seconds.
  path: Assets/Sprites/Junk1.png
  artifactKey: Guid(156c947cf794ddb4982f1bdb61678673) Importer(815301076,1909f56bfc062723c751e8b465ee728b)
Start importing Assets/Sprites/Junk1.png using Guid(156c947cf794ddb4982f1bdb61678673) Importer(815301076,1909f56bfc062723c751e8b465ee728b)  -> (artifact id: '0a8f46be18c35583b740efcd50cb3285') in 0.047944 seconds
Number of updated asset objects reloaded before import = 0
Number of asset objects unloaded after import = 3
========================================================================
Received Import Request.
  Time since last request: 0.000029 seconds.
  path: Assets/Sprites/Shadow.png
  artifactKey: Guid(02a085f9047e5d948a14f088be4b2ae4) Importer(815301076,1909f56bfc062723c751e8b465ee728b)
Start importing Assets/Sprites/Shadow.png using Guid(02a085f9047e5d948a14f088be4b2ae4) Importer(815301076,1909f56bfc062723c751e8b465ee728b)  -> (artifact id: 'a16d0fbfd7d2c70bc834e0a3407d7b85') in 0.039885 seconds
Number of updated asset objects reloaded before import = 0
Number of asset objects unloaded after import = 3
========================================================================
Received Import Request.
  Time since last request: 0.762155 seconds.
  path: Assets/Sprites
  artifactKey: Guid(fa29cc8da39d3b64fade7773d9064588) Importer(815301076,1909f56bfc062723c751e8b465ee728b)
Start importing Assets/Sprites using Guid(fa29cc8da39d3b64fade7773d9064588) Importer(815301076,1909f56bfc062723c751e8b465ee728b)  -> (artifact id: '9987f2a301f2f68742724447945b89f1') in 0.000756 seconds
Number of updated asset objects reloaded before import = 0
Number of asset objects unloaded after import = 0
========================================================================
Received Import Request.
  Time since last request: 53.726351 seconds.
  path: Assets/Sprites/items.png
  artifactKey: Guid(e23c88d41d20d7148a2f5ba6969dc02e) Importer(815301076,1909f56bfc062723c751e8b465ee728b)
Start importing Assets/Sprites/items.png using Guid(e23c88d41d20d7148a2f5ba6969dc02e) Importer(815301076,1909f56bfc062723c751e8b465ee728b)  -> (artifact id: 'c21f46eac88c9aa93baa19432b522055') in 0.043652 seconds
Number of updated asset objects reloaded before import = 0
Number of asset objects unloaded after import = 3
========================================================================
Received Import Request.
  Time since last request: 14.111064 seconds.
  path: Assets/Sprites/items.png
  artifactKey: Guid(e23c88d41d20d7148a2f5ba6969dc02e) Importer(815301076,1909f56bfc062723c751e8b465ee728b)
Start importing Assets/Sprites/items.png using Guid(e23c88d41d20d7148a2f5ba6969dc02e) Importer(815301076,1909f56bfc062723c751e8b465ee728b)  -> (artifact id: 'c17db51c0dace9e64daabe4a81023dad') in 0.044562 seconds
Number of updated asset objects reloaded before import = 0
Number of asset objects unloaded after import = 3
========================================================================
Received Import Request.
  Time since last request: 18.563546 seconds.
  path: Assets/Sprites/items.png
  artifactKey: Guid(e23c88d41d20d7148a2f5ba6969dc02e) Importer(815301076,1909f56bfc062723c751e8b465ee728b)
Start importing Assets/Sprites/items.png using Guid(e23c88d41d20d7148a2f5ba6969dc02e) Importer(815301076,1909f56bfc062723c751e8b465ee728b)  -> (artifact id: 'beb9f940e9bce5457ad5e4c4e4921af8') in 0.042400 seconds
Number of updated asset objects reloaded before import = 0
Number of asset objects unloaded after import = 2
========================================================================
Received Import Request.
  Time since last request: 11.300942 seconds.
  path: Assets/Sprites/items.png
  artifactKey: Guid(e23c88d41d20d7148a2f5ba6969dc02e) Importer(815301076,1909f56bfc062723c751e8b465ee728b)
Start importing Assets/Sprites/items.png using Guid(e23c88d41d20d7148a2f5ba6969dc02e) Importer(815301076,1909f56bfc062723c751e8b465ee728b)  -> (artifact id: '38f315828de323030b725100b4649cd3') in 0.049669 seconds
Number of updated asset objects reloaded before import = 0
Number of asset objects unloaded after import = 6
========================================================================
Received Prepare
Begin MonoManager ReloadAssembly
- Loaded All Assemblies, in  0.899 seconds
Refreshing native plugins compatible for Editor in 9.37 ms, found 3 plugins.
Native extension for WindowsStandalone target not found
Mono: successfully reloaded assembly
- Finished resetting the current domain, in  2.229 seconds
Domain Reload Profiling: 3114ms
	BeginReloadAssembly (279ms)
		ExecutionOrderSort (0ms)
		DisableScriptedObjects (17ms)
		BackupInstance (0ms)
		ReleaseScriptingObjects (0ms)
		CreateAndSetChildDomain (52ms)
	RebuildCommonClasses (50ms)
	RebuildNativeTypeToScriptingClass (24ms)
	initialDomainReloadingComplete (62ms)
	LoadAllAssembliesAndSetupDomain (469ms)
		LoadAssemblies (551ms)
		RebuildTransferFunctionScriptingTraits (0ms)
		AnalyzeDomain (75ms)
			TypeCache.Refresh (13ms)
				TypeCache.ScanAssembly (1ms)
			ScanForSourceGeneratedMonoScriptInfo (48ms)
			ResolveRequiredComponents (13ms)
	FinalizeReload (2230ms)
		ReleaseScriptCaches (0ms)
		RebuildScriptCaches (0ms)
		SetupLoadedEditorAssemblies (875ms)
			LogAssemblyErrors (0ms)
			InitializePlatformSupportModulesInManaged (15ms)
			SetLoadedEditorAssemblies (6ms)
			RefreshPlugins (0ms)
			BeforeProcessingInitializeOnLoad (145ms)
			ProcessInitializeOnLoadAttributes (576ms)
			ProcessInitializeOnLoadMethodAttributes (108ms)
			AfterProcessingInitializeOnLoad (26ms)
			EditorAssembliesLoaded (0ms)
		ExecutionOrderSort2 (0ms)
		AwakeInstancesAfterBackupRestoration (31ms)
Refreshing native plugins compatible for Editor in 9.59 ms, found 3 plugins.
Preloading 0 native plugins for Editor in 0.00 ms.
Unloading 4081 Unused Serialized files (Serialized files now loaded: 0)
Unloading 55 unused Assets / (2.0 MB). Loaded Objects now: 4749.
Memory consumption went from 177.5 MB to 175.4 MB.
Total: 4.970600 ms (FindLiveObjects: 0.393600 ms CreateObjectMapping: 0.218700 ms MarkObjects: 3.932300 ms  DeleteObjects: 0.424700 ms)

Prepare: number of updated asset objects reloaded= 0
AssetImportParameters requested are different than current active one (requested -> active):
  custom:container-demuxer-ogg: 62fdf1f143b41e24485cea50d1cbac27 -> 
  custom:video-decoder-ogg-theora: a1e56fd34408186e4bbccfd4996cb3dc -> 
  custom:framework-win-MediaFoundation: 216162199b28c13a410421893ffa2e32 -> 
  custom:CustomObjectIndexerAttribute: 0f5f72dab822025b0759b197a3119d15 -> 
  custom:container-demuxer-webm: 4f35f7cbe854078d1ac9338744f61a02 -> 
  custom:container-muxer-webm: aa71ff27fc2769a1b78a27578f13a17b -> 
  custom:video-decoder-webm-vp8: 9c59270c3fd7afecdb556c50c9e8de78 -> 
  custom:SearchIndexIgnoredProperties: e643bd26f0fe6173181afceb89e7c659 -> 
  custom:AudioImporter_EditorPlatform: d09bf68614088b80899f8185d706f6e7 -> 
  custom:video-encoder-webm-vp8: eb34c28f22e8b96e1ab97ce403110664 -> 
  custom:audio-decoder-ogg-vorbis: bf7c407c2cedff20999df2af8eb42d56 -> 
  custom:audio-encoder-webm-vorbis: bf7c407c2cedff20999df2af8eb42d56 -> 
========================================================================
Received Prepare
Begin MonoManager ReloadAssembly
- Loaded All Assemblies, in  0.815 seconds
Refreshing native plugins compatible for Editor in 10.23 ms, found 3 plugins.
Native extension for WindowsStandalone target not found
Mono: successfully reloaded assembly
- Finished resetting the current domain, in  2.177 seconds
Domain Reload Profiling: 2980ms
	BeginReloadAssembly (263ms)
		ExecutionOrderSort (0ms)
		DisableScriptedObjects (17ms)
		BackupInstance (0ms)
		ReleaseScriptingObjects (0ms)
		CreateAndSetChildDomain (46ms)
	RebuildCommonClasses (49ms)
	RebuildNativeTypeToScriptingClass (16ms)
	initialDomainReloadingComplete (66ms)
	LoadAllAssembliesAndSetupDomain (408ms)
		LoadAssemblies (535ms)
		RebuildTransferFunctionScriptingTraits (0ms)
		AnalyzeDomain (23ms)
			TypeCache.Refresh (7ms)
				TypeCache.ScanAssembly (0ms)
			ScanForSourceGeneratedMonoScriptInfo (0ms)
			ResolveRequiredComponents (14ms)
	FinalizeReload (2178ms)
		ReleaseScriptCaches (0ms)
		RebuildScriptCaches (0ms)
		SetupLoadedEditorAssemblies (929ms)
			LogAssemblyErrors (0ms)
			InitializePlatformSupportModulesInManaged (14ms)
			SetLoadedEditorAssemblies (6ms)
			RefreshPlugins (0ms)
			BeforeProcessingInitializeOnLoad (148ms)
			ProcessInitializeOnLoadAttributes (617ms)
			ProcessInitializeOnLoadMethodAttributes (118ms)
			AfterProcessingInitializeOnLoad (26ms)
			EditorAssembliesLoaded (0ms)
		ExecutionOrderSort2 (0ms)
		AwakeInstancesAfterBackupRestoration (30ms)
Refreshing native plugins compatible for Editor in 10.23 ms, found 3 plugins.
Preloading 0 native plugins for Editor in 0.00 ms.
Unloading 4081 Unused Serialized files (Serialized files now loaded: 0)
Unloading 55 unused Assets / (2.0 MB). Loaded Objects now: 4754.
Memory consumption went from 179.4 MB to 177.4 MB.
Total: 4.971600 ms (FindLiveObjects: 0.418100 ms CreateObjectMapping: 0.200800 ms MarkObjects: 3.901500 ms  DeleteObjects: 0.449900 ms)

Prepare: number of updated asset objects reloaded= 0
AssetImportParameters requested are different than current active one (requested -> active):
  custom:container-demuxer-ogg: 62fdf1f143b41e24485cea50d1cbac27 -> 
  custom:video-decoder-ogg-theora: a1e56fd34408186e4bbccfd4996cb3dc -> 
  custom:framework-win-MediaFoundation: 216162199b28c13a410421893ffa2e32 -> 
  custom:CustomObjectIndexerAttribute: 0f5f72dab822025b0759b197a3119d15 -> 
  custom:container-demuxer-webm: 4f35f7cbe854078d1ac9338744f61a02 -> 
  custom:container-muxer-webm: aa71ff27fc2769a1b78a27578f13a17b -> 
  custom:video-decoder-webm-vp8: 9c59270c3fd7afecdb556c50c9e8de78 -> 
  custom:SearchIndexIgnoredProperties: e643bd26f0fe6173181afceb89e7c659 -> 
  custom:AudioImporter_EditorPlatform: d09bf68614088b80899f8185d706f6e7 -> 
  custom:video-encoder-webm-vp8: eb34c28f22e8b96e1ab97ce403110664 -> 
  custom:audio-decoder-ogg-vorbis: bf7c407c2cedff20999df2af8eb42d56 -> 
  custom:audio-encoder-webm-vorbis: bf7c407c2cedff20999df2af8eb42d56 -> 
========================================================================
Received Prepare
Begin MonoManager ReloadAssembly
- Loaded All Assemblies, in  0.822 seconds
Refreshing native plugins compatible for Editor in 9.84 ms, found 3 plugins.
Native extension for WindowsStandalone target not found
Mono: successfully reloaded assembly
- Finished resetting the current domain, in  2.162 seconds
Domain Reload Profiling: 2971ms
	BeginReloadAssembly (272ms)
		ExecutionOrderSort (0ms)
		DisableScriptedObjects (17ms)
		BackupInstance (0ms)
		ReleaseScriptingObjects (0ms)
		CreateAndSetChildDomain (52ms)
	RebuildCommonClasses (50ms)
	RebuildNativeTypeToScriptingClass (17ms)
	initialDomainReloadingComplete (64ms)
	LoadAllAssembliesAndSetupDomain (406ms)
		LoadAssemblies (539ms)
		RebuildTransferFunctionScriptingTraits (0ms)
		AnalyzeDomain (22ms)
			TypeCache.Refresh (7ms)
				TypeCache.ScanAssembly (0ms)
			ScanForSourceGeneratedMonoScriptInfo (0ms)
			ResolveRequiredComponents (14ms)
	FinalizeReload (2162ms)
		ReleaseScriptCaches (0ms)
		RebuildScriptCaches (0ms)
		SetupLoadedEditorAssemblies (931ms)
			LogAssemblyErrors (0ms)
			InitializePlatformSupportModulesInManaged (15ms)
			SetLoadedEditorAssemblies (7ms)
			RefreshPlugins (0ms)
			BeforeProcessingInitializeOnLoad (148ms)
			ProcessInitializeOnLoadAttributes (615ms)
			ProcessInitializeOnLoadMethodAttributes (119ms)
			AfterProcessingInitializeOnLoad (26ms)
			EditorAssembliesLoaded (0ms)
		ExecutionOrderSort2 (0ms)
		AwakeInstancesAfterBackupRestoration (29ms)
Refreshing native plugins compatible for Editor in 11.32 ms, found 3 plugins.
Preloading 0 native plugins for Editor in 0.00 ms.
Unloading 4081 Unused Serialized files (Serialized files now loaded: 0)
Unloading 55 unused Assets / (2.0 MB). Loaded Objects now: 4759.
Memory consumption went from 181.4 MB to 179.3 MB.
Total: 5.114700 ms (FindLiveObjects: 0.400100 ms CreateObjectMapping: 0.204600 ms MarkObjects: 3.953900 ms  DeleteObjects: 0.554800 ms)

Prepare: number of updated asset objects reloaded= 0
AssetImportParameters requested are different than current active one (requested -> active):
  custom:container-demuxer-ogg: 62fdf1f143b41e24485cea50d1cbac27 -> 
  custom:video-decoder-ogg-theora: a1e56fd34408186e4bbccfd4996cb3dc -> 
  custom:framework-win-MediaFoundation: 216162199b28c13a410421893ffa2e32 -> 
  custom:CustomObjectIndexerAttribute: 0f5f72dab822025b0759b197a3119d15 -> 
  custom:container-demuxer-webm: 4f35f7cbe854078d1ac9338744f61a02 -> 
  custom:container-muxer-webm: aa71ff27fc2769a1b78a27578f13a17b -> 
  custom:video-decoder-webm-vp8: 9c59270c3fd7afecdb556c50c9e8de78 -> 
  custom:SearchIndexIgnoredProperties: e643bd26f0fe6173181afceb89e7c659 -> 
  custom:AudioImporter_EditorPlatform: d09bf68614088b80899f8185d706f6e7 -> 
  custom:video-encoder-webm-vp8: eb34c28f22e8b96e1ab97ce403110664 -> 
  custom:audio-decoder-ogg-vorbis: bf7c407c2cedff20999df2af8eb42d56 -> 
  custom:audio-encoder-webm-vorbis: bf7c407c2cedff20999df2af8eb42d56 -> 
========================================================================
Received Prepare
Begin MonoManager ReloadAssembly
- Loaded All Assemblies, in  0.855 seconds
Refreshing native plugins compatible for Editor in 10.14 ms, found 3 plugins.
Native extension for WindowsStandalone target not found
Mono: successfully reloaded assembly
- Finished resetting the current domain, in  2.133 seconds
Domain Reload Profiling: 2975ms
	BeginReloadAssembly (269ms)
		ExecutionOrderSort (0ms)
		DisableScriptedObjects (17ms)
		BackupInstance (0ms)
		ReleaseScriptingObjects (0ms)
		CreateAndSetChildDomain (53ms)
	RebuildCommonClasses (49ms)
	RebuildNativeTypeToScriptingClass (17ms)
	initialDomainReloadingComplete (60ms)
	LoadAllAssembliesAndSetupDomain (446ms)
		LoadAssemblies (533ms)
		RebuildTransferFunctionScriptingTraits (0ms)
		AnalyzeDomain (63ms)
			TypeCache.Refresh (16ms)
				TypeCache.ScanAssembly (2ms)
			ScanForSourceGeneratedMonoScriptInfo (32ms)
			ResolveRequiredComponents (14ms)
	FinalizeReload (2134ms)
		ReleaseScriptCaches (0ms)
		RebuildScriptCaches (0ms)
		SetupLoadedEditorAssemblies (912ms)
			LogAssemblyErrors (0ms)
			InitializePlatformSupportModulesInManaged (14ms)
			SetLoadedEditorAssemblies (6ms)
			RefreshPlugins (0ms)
			BeforeProcessingInitializeOnLoad (147ms)
			ProcessInitializeOnLoadAttributes (600ms)
			ProcessInitializeOnLoadMethodAttributes (119ms)
			AfterProcessingInitializeOnLoad (26ms)
			EditorAssembliesLoaded (0ms)
		ExecutionOrderSort2 (0ms)
		AwakeInstancesAfterBackupRestoration (27ms)
Refreshing native plugins compatible for Editor in 9.73 ms, found 3 plugins.
Preloading 0 native plugins for Editor in 0.00 ms.
Unloading 4081 Unused Serialized files (Serialized files now loaded: 0)
Unloading 55 unused Assets / (2.0 MB). Loaded Objects now: 4764.
Memory consumption went from 183.3 MB to 181.3 MB.
Total: 4.819600 ms (FindLiveObjects: 0.388900 ms CreateObjectMapping: 0.200800 ms MarkObjects: 3.824700 ms  DeleteObjects: 0.403900 ms)

Prepare: number of updated asset objects reloaded= 0
AssetImportParameters requested are different than current active one (requested -> active):
  custom:container-demuxer-ogg: 62fdf1f143b41e24485cea50d1cbac27 -> 
  custom:video-decoder-ogg-theora: a1e56fd34408186e4bbccfd4996cb3dc -> 
  custom:framework-win-MediaFoundation: 216162199b28c13a410421893ffa2e32 -> 
  custom:CustomObjectIndexerAttribute: 0f5f72dab822025b0759b197a3119d15 -> 
  custom:container-demuxer-webm: 4f35f7cbe854078d1ac9338744f61a02 -> 
  custom:container-muxer-webm: aa71ff27fc2769a1b78a27578f13a17b -> 
  custom:video-decoder-webm-vp8: 9c59270c3fd7afecdb556c50c9e8de78 -> 
  custom:SearchIndexIgnoredProperties: e643bd26f0fe6173181afceb89e7c659 -> 
  custom:AudioImporter_EditorPlatform: d09bf68614088b80899f8185d706f6e7 -> 
  custom:video-encoder-webm-vp8: eb34c28f22e8b96e1ab97ce403110664 -> 
  custom:audio-decoder-ogg-vorbis: bf7c407c2cedff20999df2af8eb42d56 -> 
  custom:audio-encoder-webm-vorbis: bf7c407c2cedff20999df2af8eb42d56 -> 
========================================================================
Received Prepare
Begin MonoManager ReloadAssembly
- Loaded All Assemblies, in  0.823 seconds
Refreshing native plugins compatible for Editor in 12.39 ms, found 3 plugins.
Native extension for WindowsStandalone target not found
Mono: successfully reloaded assembly
- Finished resetting the current domain, in  2.193 seconds
Domain Reload Profiling: 3003ms
	BeginReloadAssembly (268ms)
		ExecutionOrderSort (0ms)
		DisableScriptedObjects (17ms)
		BackupInstance (0ms)
		ReleaseScriptingObjects (0ms)
		CreateAndSetChildDomain (49ms)
	RebuildCommonClasses (50ms)
	RebuildNativeTypeToScriptingClass (16ms)
	initialDomainReloadingComplete (63ms)
	LoadAllAssembliesAndSetupDomain (412ms)
		LoadAssemblies (541ms)
		RebuildTransferFunctionScriptingTraits (0ms)
		AnalyzeDomain (23ms)
			TypeCache.Refresh (7ms)
				TypeCache.ScanAssembly (0ms)
			ScanForSourceGeneratedMonoScriptInfo (0ms)
			ResolveRequiredComponents (14ms)
	FinalizeReload (2194ms)
		ReleaseScriptCaches (0ms)
		RebuildScriptCaches (0ms)
		SetupLoadedEditorAssemblies (934ms)
			LogAssemblyErrors (0ms)
			InitializePlatformSupportModulesInManaged (14ms)
			SetLoadedEditorAssemblies (7ms)
			RefreshPlugins (0ms)
			BeforeProcessingInitializeOnLoad (145ms)
			ProcessInitializeOnLoadAttributes (621ms)
			ProcessInitializeOnLoadMethodAttributes (121ms)
			AfterProcessingInitializeOnLoad (26ms)
			EditorAssembliesLoaded (0ms)
		ExecutionOrderSort2 (0ms)
		AwakeInstancesAfterBackupRestoration (30ms)
Refreshing native plugins compatible for Editor in 10.24 ms, found 3 plugins.
Preloading 0 native plugins for Editor in 0.00 ms.
Unloading 4081 Unused Serialized files (Serialized files now loaded: 0)
Unloading 55 unused Assets / (2.0 MB). Loaded Objects now: 4769.
Memory consumption went from 185.3 MB to 183.3 MB.
Total: 5.042300 ms (FindLiveObjects: 0.413100 ms CreateObjectMapping: 0.201400 ms MarkObjects: 3.985900 ms  DeleteObjects: 0.440600 ms)

Prepare: number of updated asset objects reloaded= 0
AssetImportParameters requested are different than current active one (requested -> active):
  custom:container-demuxer-ogg: 62fdf1f143b41e24485cea50d1cbac27 -> 
  custom:video-decoder-ogg-theora: a1e56fd34408186e4bbccfd4996cb3dc -> 
  custom:framework-win-MediaFoundation: 216162199b28c13a410421893ffa2e32 -> 
  custom:CustomObjectIndexerAttribute: 0f5f72dab822025b0759b197a3119d15 -> 
  custom:container-demuxer-webm: 4f35f7cbe854078d1ac9338744f61a02 -> 
  custom:container-muxer-webm: aa71ff27fc2769a1b78a27578f13a17b -> 
  custom:video-decoder-webm-vp8: 9c59270c3fd7afecdb556c50c9e8de78 -> 
  custom:SearchIndexIgnoredProperties: e643bd26f0fe6173181afceb89e7c659 -> 
  custom:AudioImporter_EditorPlatform: d09bf68614088b80899f8185d706f6e7 -> 
  custom:video-encoder-webm-vp8: eb34c28f22e8b96e1ab97ce403110664 -> 
  custom:audio-decoder-ogg-vorbis: bf7c407c2cedff20999df2af8eb42d56 -> 
  custom:audio-encoder-webm-vorbis: bf7c407c2cedff20999df2af8eb42d56 -> 
========================================================================
Received Prepare
Begin MonoManager ReloadAssembly
- Loaded All Assemblies, in  0.862 seconds
Refreshing native plugins compatible for Editor in 10.22 ms, found 3 plugins.
Native extension for WindowsStandalone target not found
Mono: successfully reloaded assembly
- Finished resetting the current domain, in  2.290 seconds
Domain Reload Profiling: 3139ms
	BeginReloadAssembly (267ms)
		ExecutionOrderSort (0ms)
		DisableScriptedObjects (18ms)
		BackupInstance (0ms)
		ReleaseScriptingObjects (0ms)
		CreateAndSetChildDomain (50ms)
	RebuildCommonClasses (49ms)
	RebuildNativeTypeToScriptingClass (16ms)
	initialDomainReloadingComplete (61ms)
	LoadAllAssembliesAndSetupDomain (455ms)
		LoadAssemblies (541ms)
		RebuildTransferFunctionScriptingTraits (0ms)
		AnalyzeDomain (62ms)
			TypeCache.Refresh (12ms)
				TypeCache.ScanAssembly (1ms)
			ScanForSourceGeneratedMonoScriptInfo (36ms)
			ResolveRequiredComponents (14ms)
	FinalizeReload (2291ms)
		ReleaseScriptCaches (0ms)
		RebuildScriptCaches (0ms)
		SetupLoadedEditorAssemblies (896ms)
			LogAssemblyErrors (0ms)
			InitializePlatformSupportModulesInManaged (14ms)
			SetLoadedEditorAssemblies (6ms)
			RefreshPlugins (0ms)
			BeforeProcessingInitializeOnLoad (144ms)
			ProcessInitializeOnLoadAttributes (600ms)
			ProcessInitializeOnLoadMethodAttributes (107ms)
			AfterProcessingInitializeOnLoad (24ms)
			EditorAssembliesLoaded (0ms)
		ExecutionOrderSort2 (0ms)
		AwakeInstancesAfterBackupRestoration (27ms)
Refreshing native plugins compatible for Editor in 10.18 ms, found 3 plugins.
Preloading 0 native plugins for Editor in 0.00 ms.
Unloading 4081 Unused Serialized files (Serialized files now loaded: 0)
Unloading 56 unused Assets / (2.0 MB). Loaded Objects now: 4774.
Memory consumption went from 187.2 MB to 185.2 MB.
Total: 5.045800 ms (FindLiveObjects: 0.397200 ms CreateObjectMapping: 0.218400 ms MarkObjects: 4.001400 ms  DeleteObjects: 0.427500 ms)

Prepare: number of updated asset objects reloaded= 0
AssetImportParameters requested are different than current active one (requested -> active):
  custom:container-demuxer-ogg: 62fdf1f143b41e24485cea50d1cbac27 -> 
  custom:video-decoder-ogg-theora: a1e56fd34408186e4bbccfd4996cb3dc -> 
  custom:framework-win-MediaFoundation: 216162199b28c13a410421893ffa2e32 -> 
  custom:CustomObjectIndexerAttribute: 0f5f72dab822025b0759b197a3119d15 -> 
  custom:container-demuxer-webm: 4f35f7cbe854078d1ac9338744f61a02 -> 
  custom:container-muxer-webm: aa71ff27fc2769a1b78a27578f13a17b -> 
  custom:video-decoder-webm-vp8: 9c59270c3fd7afecdb556c50c9e8de78 -> 
  custom:SearchIndexIgnoredProperties: e643bd26f0fe6173181afceb89e7c659 -> 
  custom:AudioImporter_EditorPlatform: d09bf68614088b80899f8185d706f6e7 -> 
  custom:video-encoder-webm-vp8: eb34c28f22e8b96e1ab97ce403110664 -> 
  custom:audio-decoder-ogg-vorbis: bf7c407c2cedff20999df2af8eb42d56 -> 
  custom:audio-encoder-webm-vorbis: bf7c407c2cedff20999df2af8eb42d56 -> 
========================================================================
Received Prepare
Begin MonoManager ReloadAssembly
- Loaded All Assemblies, in  0.834 seconds
Refreshing native plugins compatible for Editor in 9.55 ms, found 3 plugins.
Native extension for WindowsStandalone target not found
Mono: successfully reloaded assembly
- Finished resetting the current domain, in  2.193 seconds
Domain Reload Profiling: 3013ms
	BeginReloadAssembly (288ms)
		ExecutionOrderSort (0ms)
		DisableScriptedObjects (18ms)
		BackupInstance (0ms)
		ReleaseScriptingObjects (0ms)
		CreateAndSetChildDomain (56ms)
	RebuildCommonClasses (49ms)
	RebuildNativeTypeToScriptingClass (16ms)
	initialDomainReloadingComplete (64ms)
	LoadAllAssembliesAndSetupDomain (402ms)
		LoadAssemblies (540ms)
		RebuildTransferFunctionScriptingTraits (0ms)
		AnalyzeDomain (23ms)
			TypeCache.Refresh (8ms)
				TypeCache.ScanAssembly (0ms)
			ScanForSourceGeneratedMonoScriptInfo (0ms)
			ResolveRequiredComponents (14ms)
	FinalizeReload (2194ms)
		ReleaseScriptCaches (0ms)
		RebuildScriptCaches (0ms)
		SetupLoadedEditorAssemblies (928ms)
			LogAssemblyErrors (0ms)
			InitializePlatformSupportModulesInManaged (14ms)
			SetLoadedEditorAssemblies (7ms)
			RefreshPlugins (0ms)
			BeforeProcessingInitializeOnLoad (158ms)
			ProcessInitializeOnLoadAttributes (606ms)
			ProcessInitializeOnLoadMethodAttributes (117ms)
			AfterProcessingInitializeOnLoad (25ms)
			EditorAssembliesLoaded (0ms)
		ExecutionOrderSort2 (0ms)
		AwakeInstancesAfterBackupRestoration (27ms)
Refreshing native plugins compatible for Editor in 9.69 ms, found 3 plugins.
Preloading 0 native plugins for Editor in 0.00 ms.
Unloading 4081 Unused Serialized files (Serialized files now loaded: 0)
Unloading 55 unused Assets / (2.0 MB). Loaded Objects now: 4779.
Memory consumption went from 189.2 MB to 187.1 MB.
Total: 5.162100 ms (FindLiveObjects: 0.403800 ms CreateObjectMapping: 0.282100 ms MarkObjects: 4.030600 ms  DeleteObjects: 0.444600 ms)

Prepare: number of updated asset objects reloaded= 0
AssetImportParameters requested are different than current active one (requested -> active):
  custom:container-demuxer-ogg: 62fdf1f143b41e24485cea50d1cbac27 -> 
  custom:video-decoder-ogg-theora: a1e56fd34408186e4bbccfd4996cb3dc -> 
  custom:framework-win-MediaFoundation: 216162199b28c13a410421893ffa2e32 -> 
  custom:CustomObjectIndexerAttribute: 0f5f72dab822025b0759b197a3119d15 -> 
  custom:container-demuxer-webm: 4f35f7cbe854078d1ac9338744f61a02 -> 
  custom:container-muxer-webm: aa71ff27fc2769a1b78a27578f13a17b -> 
  custom:video-decoder-webm-vp8: 9c59270c3fd7afecdb556c50c9e8de78 -> 
  custom:SearchIndexIgnoredProperties: e643bd26f0fe6173181afceb89e7c659 -> 
  custom:AudioImporter_EditorPlatform: d09bf68614088b80899f8185d706f6e7 -> 
  custom:video-encoder-webm-vp8: eb34c28f22e8b96e1ab97ce403110664 -> 
  custom:audio-decoder-ogg-vorbis: bf7c407c2cedff20999df2af8eb42d56 -> 
  custom:audio-encoder-webm-vorbis: bf7c407c2cedff20999df2af8eb42d56 -> 
========================================================================
Received Prepare
Begin MonoManager ReloadAssembly
- Loaded All Assemblies, in  1.020 seconds
Refreshing native plugins compatible for Editor in 9.65 ms, found 3 plugins.
Native extension for WindowsStandalone target not found
Mono: successfully reloaded assembly
- Finished resetting the current domain, in  2.304 seconds
Domain Reload Profiling: 3309ms
	BeginReloadAssembly (264ms)
		ExecutionOrderSort (0ms)
		DisableScriptedObjects (18ms)
		BackupInstance (0ms)
		ReleaseScriptingObjects (0ms)
		CreateAndSetChildDomain (46ms)
	RebuildCommonClasses (69ms)
	RebuildNativeTypeToScriptingClass (19ms)
	initialDomainReloadingComplete (73ms)
	LoadAllAssembliesAndSetupDomain (580ms)
		LoadAssemblies (659ms)
		RebuildTransferFunctionScriptingTraits (0ms)
		AnalyzeDomain (71ms)
			TypeCache.Refresh (17ms)
				TypeCache.ScanAssembly (2ms)
			ScanForSourceGeneratedMonoScriptInfo (37ms)
			ResolveRequiredComponents (15ms)
	FinalizeReload (2305ms)
		ReleaseScriptCaches (0ms)
		RebuildScriptCaches (0ms)
		SetupLoadedEditorAssemblies (905ms)
			LogAssemblyErrors (0ms)
			InitializePlatformSupportModulesInManaged (15ms)
			SetLoadedEditorAssemblies (6ms)
			RefreshPlugins (0ms)
			BeforeProcessingInitializeOnLoad (152ms)
			ProcessInitializeOnLoadAttributes (589ms)
			ProcessInitializeOnLoadMethodAttributes (118ms)
			AfterProcessingInitializeOnLoad (23ms)
			EditorAssembliesLoaded (0ms)
		ExecutionOrderSort2 (0ms)
		AwakeInstancesAfterBackupRestoration (25ms)
Refreshing native plugins compatible for Editor in 9.45 ms, found 3 plugins.
Preloading 0 native plugins for Editor in 0.00 ms.
Unloading 4081 Unused Serialized files (Serialized files now loaded: 0)
Unloading 55 unused Assets / (2.0 MB). Loaded Objects now: 4784.
Memory consumption went from 191.1 MB to 189.0 MB.
Total: 5.325800 ms (FindLiveObjects: 0.493400 ms CreateObjectMapping: 0.245600 ms MarkObjects: 4.175000 ms  DeleteObjects: 0.408200 ms)

Prepare: number of updated asset objects reloaded= 0
AssetImportParameters requested are different than current active one (requested -> active):
  custom:container-demuxer-ogg: 62fdf1f143b41e24485cea50d1cbac27 -> 
  custom:video-decoder-ogg-theora: a1e56fd34408186e4bbccfd4996cb3dc -> 
  custom:framework-win-MediaFoundation: 216162199b28c13a410421893ffa2e32 -> 
  custom:CustomObjectIndexerAttribute: 0f5f72dab822025b0759b197a3119d15 -> 
  custom:container-demuxer-webm: 4f35f7cbe854078d1ac9338744f61a02 -> 
  custom:container-muxer-webm: aa71ff27fc2769a1b78a27578f13a17b -> 
  custom:video-decoder-webm-vp8: 9c59270c3fd7afecdb556c50c9e8de78 -> 
  custom:SearchIndexIgnoredProperties: e643bd26f0fe6173181afceb89e7c659 -> 
  custom:AudioImporter_EditorPlatform: d09bf68614088b80899f8185d706f6e7 -> 
  custom:video-encoder-webm-vp8: eb34c28f22e8b96e1ab97ce403110664 -> 
  custom:audio-decoder-ogg-vorbis: bf7c407c2cedff20999df2af8eb42d56 -> 
  custom:audio-encoder-webm-vorbis: bf7c407c2cedff20999df2af8eb42d56 -> 
========================================================================
Received Prepare
Begin MonoManager ReloadAssembly
- Loaded All Assemblies, in  0.843 seconds
Refreshing native plugins compatible for Editor in 10.40 ms, found 3 plugins.
Native extension for WindowsStandalone target not found
Mono: successfully reloaded assembly
- Finished resetting the current domain, in  2.186 seconds
Domain Reload Profiling: 3016ms
	BeginReloadAssembly (288ms)
		ExecutionOrderSort (0ms)
		DisableScriptedObjects (18ms)
		BackupInstance (0ms)
		ReleaseScriptingObjects (0ms)
		CreateAndSetChildDomain (49ms)
	RebuildCommonClasses (51ms)
	RebuildNativeTypeToScriptingClass (16ms)
	initialDomainReloadingComplete (59ms)
	LoadAllAssembliesAndSetupDomain (415ms)
		LoadAssemblies (552ms)
		RebuildTransferFunctionScriptingTraits (0ms)
		AnalyzeDomain (25ms)
			TypeCache.Refresh (8ms)
				TypeCache.ScanAssembly (0ms)
			ScanForSourceGeneratedMonoScriptInfo (0ms)
			ResolveRequiredComponents (15ms)
	FinalizeReload (2187ms)
		ReleaseScriptCaches (0ms)
		RebuildScriptCaches (0ms)
		SetupLoadedEditorAssemblies (954ms)
			LogAssemblyErrors (0ms)
			InitializePlatformSupportModulesInManaged (14ms)
			SetLoadedEditorAssemblies (6ms)
			RefreshPlugins (0ms)
			BeforeProcessingInitializeOnLoad (152ms)
			ProcessInitializeOnLoadAttributes (633ms)
			ProcessInitializeOnLoadMethodAttributes (122ms)
			AfterProcessingInitializeOnLoad (26ms)
			EditorAssembliesLoaded (1ms)
		ExecutionOrderSort2 (0ms)
		AwakeInstancesAfterBackupRestoration (29ms)
Refreshing native plugins compatible for Editor in 10.66 ms, found 3 plugins.
Preloading 0 native plugins for Editor in 0.00 ms.
Unloading 4081 Unused Serialized files (Serialized files now loaded: 0)
Unloading 55 unused Assets / (2.0 MB). Loaded Objects now: 4789.
Memory consumption went from 192.9 MB to 190.9 MB.
Total: 4.933000 ms (FindLiveObjects: 0.388100 ms CreateObjectMapping: 0.210800 ms MarkObjects: 3.918500 ms  DeleteObjects: 0.414500 ms)

Prepare: number of updated asset objects reloaded= 0
AssetImportParameters requested are different than current active one (requested -> active):
  custom:container-demuxer-ogg: 62fdf1f143b41e24485cea50d1cbac27 -> 
  custom:video-decoder-ogg-theora: a1e56fd34408186e4bbccfd4996cb3dc -> 
  custom:framework-win-MediaFoundation: 216162199b28c13a410421893ffa2e32 -> 
  custom:CustomObjectIndexerAttribute: 0f5f72dab822025b0759b197a3119d15 -> 
  custom:container-demuxer-webm: 4f35f7cbe854078d1ac9338744f61a02 -> 
  custom:container-muxer-webm: aa71ff27fc2769a1b78a27578f13a17b -> 
  custom:video-decoder-webm-vp8: 9c59270c3fd7afecdb556c50c9e8de78 -> 
  custom:SearchIndexIgnoredProperties: e643bd26f0fe6173181afceb89e7c659 -> 
  custom:AudioImporter_EditorPlatform: d09bf68614088b80899f8185d706f6e7 -> 
  custom:video-encoder-webm-vp8: eb34c28f22e8b96e1ab97ce403110664 -> 
  custom:audio-decoder-ogg-vorbis: bf7c407c2cedff20999df2af8eb42d56 -> 
  custom:audio-encoder-webm-vorbis: bf7c407c2cedff20999df2af8eb42d56 -> 
========================================================================
Received Prepare
Begin MonoManager ReloadAssembly
- Loaded All Assemblies, in  0.817 seconds
Refreshing native plugins compatible for Editor in 9.98 ms, found 3 plugins.
Native extension for WindowsStandalone target not found
Mono: successfully reloaded assembly
- Finished resetting the current domain, in  2.179 seconds
Domain Reload Profiling: 2982ms
	BeginReloadAssembly (262ms)
		ExecutionOrderSort (0ms)
		DisableScriptedObjects (18ms)
		BackupInstance (0ms)
		ReleaseScriptingObjects (0ms)
		CreateAndSetChildDomain (46ms)
	RebuildCommonClasses (58ms)
	RebuildNativeTypeToScriptingClass (16ms)
	initialDomainReloadingComplete (59ms)
	LoadAllAssembliesAndSetupDomain (407ms)
		LoadAssemblies (534ms)
		RebuildTransferFunctionScriptingTraits (0ms)
		AnalyzeDomain (22ms)
			TypeCache.Refresh (7ms)
				TypeCache.ScanAssembly (0ms)
			ScanForSourceGeneratedMonoScriptInfo (0ms)
			ResolveRequiredComponents (14ms)
	FinalizeReload (2180ms)
		ReleaseScriptCaches (0ms)
		RebuildScriptCaches (0ms)
		SetupLoadedEditorAssemblies (944ms)
			LogAssemblyErrors (0ms)
			InitializePlatformSupportModulesInManaged (14ms)
			SetLoadedEditorAssemblies (7ms)
			RefreshPlugins (0ms)
			BeforeProcessingInitializeOnLoad (148ms)
			ProcessInitializeOnLoadAttributes (622ms)
			ProcessInitializeOnLoadMethodAttributes (127ms)
			AfterProcessingInitializeOnLoad (26ms)
			EditorAssembliesLoaded (0ms)
		ExecutionOrderSort2 (0ms)
		AwakeInstancesAfterBackupRestoration (30ms)
Refreshing native plugins compatible for Editor in 9.64 ms, found 3 plugins.
Preloading 0 native plugins for Editor in 0.00 ms.
Unloading 4081 Unused Serialized files (Serialized files now loaded: 0)
Unloading 55 unused Assets / (2.0 MB). Loaded Objects now: 4794.
Memory consumption went from 194.9 MB to 192.8 MB.
Total: 5.150000 ms (FindLiveObjects: 0.413800 ms CreateObjectMapping: 0.205200 ms MarkObjects: 4.118600 ms  DeleteObjects: 0.411200 ms)

Prepare: number of updated asset objects reloaded= 0
AssetImportParameters requested are different than current active one (requested -> active):
  custom:container-demuxer-ogg: 62fdf1f143b41e24485cea50d1cbac27 -> 
  custom:video-decoder-ogg-theora: a1e56fd34408186e4bbccfd4996cb3dc -> 
  custom:framework-win-MediaFoundation: 216162199b28c13a410421893ffa2e32 -> 
  custom:CustomObjectIndexerAttribute: 0f5f72dab822025b0759b197a3119d15 -> 
  custom:container-demuxer-webm: 4f35f7cbe854078d1ac9338744f61a02 -> 
  custom:container-muxer-webm: aa71ff27fc2769a1b78a27578f13a17b -> 
  custom:video-decoder-webm-vp8: 9c59270c3fd7afecdb556c50c9e8de78 -> 
  custom:SearchIndexIgnoredProperties: e643bd26f0fe6173181afceb89e7c659 -> 
  custom:AudioImporter_EditorPlatform: d09bf68614088b80899f8185d706f6e7 -> 
  custom:video-encoder-webm-vp8: eb34c28f22e8b96e1ab97ce403110664 -> 
  custom:audio-decoder-ogg-vorbis: bf7c407c2cedff20999df2af8eb42d56 -> 
  custom:audio-encoder-webm-vorbis: bf7c407c2cedff20999df2af8eb42d56 -> 
========================================================================
Received Import Request.
  Time since last request: 1116.231368 seconds.
  path: Assets/Models/==Ship==.prefab
  artifactKey: Guid(263ca495ec2aa1d41a43bb6247906e6b) Importer(815301076,1909f56bfc062723c751e8b465ee728b)
Start importing Assets/Models/==Ship==.prefab using Guid(263ca495ec2aa1d41a43bb6247906e6b) Importer(815301076,1909f56bfc062723c751e8b465ee728b)  -> (artifact id: 'f71e374a61b8f74833e33c1ae135cdc3') in 0.531748 seconds
Number of updated asset objects reloaded before import = 0
Number of asset objects unloaded after import = 374
========================================================================
Received Import Request.
  Time since last request: 37.525301 seconds.
  path: Assets/Models/CustomPrefabs/Materials/FloorMaterial.mat
  artifactKey: Guid(42f3363298dadc54b89366a1f0cf2035) Importer(815301076,1909f56bfc062723c751e8b465ee728b)
Start importing Assets/Models/CustomPrefabs/Materials/FloorMaterial.mat using Guid(42f3363298dadc54b89366a1f0cf2035) Importer(815301076,1909f56bfc062723c751e8b465ee728b)  -> (artifact id: 'ae5eda800c03ad6ec4cb7c658c1faee4') in 0.050593 seconds
Number of updated asset objects reloaded before import = 0
Number of asset objects unloaded after import = 3
========================================================================
Received Import Request.
  Time since last request: 0.000046 seconds.
  path: Assets/Models/CustomPrefabs/Materials/PlayerF.mat
  artifactKey: Guid(b44ffedd85d62ec4893232fc083da7eb) Importer(815301076,1909f56bfc062723c751e8b465ee728b)
Start importing Assets/Models/CustomPrefabs/Materials/PlayerF.mat using Guid(b44ffedd85d62ec4893232fc083da7eb) Importer(815301076,1909f56bfc062723c751e8b465ee728b)  -> (artifact id: '0dd13500c03649e16f9301ab87678036') in 0.026056 seconds
Number of updated asset objects reloaded before import = 0
Number of asset objects unloaded after import = 4
========================================================================
Received Import Request.
  Time since last request: 0.000025 seconds.
  path: Assets/Models/CustomPrefabs/Materials/WallMaterial.mat
  artifactKey: Guid(5ae8e0e60fa78474eb081c44827f1a81) Importer(815301076,1909f56bfc062723c751e8b465ee728b)
Start importing Assets/Models/CustomPrefabs/Materials/WallMaterial.mat using Guid(5ae8e0e60fa78474eb081c44827f1a81) Importer(815301076,1909f56bfc062723c751e8b465ee728b)  -> (artifact id: '94757e0b817fa4e1d95636b566dd27c9') in 0.024268 seconds
Number of updated asset objects reloaded before import = 0
Number of asset objects unloaded after import = 3
========================================================================
Received Import Request.
  Time since last request: 0.000039 seconds.
  path: Assets/Models/CustomPrefabs/Materials/SideWallMaterial.mat
  artifactKey: Guid(1fb1bbd925b9b2d43a41c73a44d461f3) Importer(815301076,1909f56bfc062723c751e8b465ee728b)
Start importing Assets/Models/CustomPrefabs/Materials/SideWallMaterial.mat using Guid(1fb1bbd925b9b2d43a41c73a44d461f3) Importer(815301076,1909f56bfc062723c751e8b465ee728b)  -> (artifact id: 'fd3cf92eae6b2b6d7cf4c60ad902e509') in 0.024789 seconds
Number of updated asset objects reloaded before import = 0
Number of asset objects unloaded after import = 3
========================================================================
Received Import Request.
  Time since last request: 0.000035 seconds.
  path: Assets/Models/CustomPrefabs/Materials/PlayerR.mat
  artifactKey: Guid(5adc449de4625ea408e18473fdaaf650) Importer(815301076,1909f56bfc062723c751e8b465ee728b)
Start importing Assets/Models/CustomPrefabs/Materials/PlayerR.mat using Guid(5adc449de4625ea408e18473fdaaf650) Importer(815301076,1909f56bfc062723c751e8b465ee728b)  -> (artifact id: '78de4e0038bf2b334851d026194776a1') in 0.022539 seconds
Number of updated asset objects reloaded before import = 0
Number of asset objects unloaded after import = 4
========================================================================
Received Import Request.
  Time since last request: 0.000024 seconds.
  path: Assets/Models/CustomPrefabs/Materials/PlayerL.mat
  artifactKey: Guid(9026e8bd244f8804d8fe5967929e8457) Importer(815301076,1909f56bfc062723c751e8b465ee728b)
Start importing Assets/Models/CustomPrefabs/Materials/PlayerL.mat using Guid(9026e8bd244f8804d8fe5967929e8457) Importer(815301076,1909f56bfc062723c751e8b465ee728b)  -> (artifact id: '44e55ac2985d42045bee3b17657f50d9') in 0.029163 seconds
Number of updated asset objects reloaded before import = 0
Number of asset objects unloaded after import = 4
========================================================================
Received Import Request.
  Time since last request: 0.000023 seconds.
  path: Assets/Models/CustomPrefabs/Materials/StarWhite.mat
  artifactKey: Guid(bcb2a62170afee346b845e5a1840a0d5) Importer(815301076,1909f56bfc062723c751e8b465ee728b)
Start importing Assets/Models/CustomPrefabs/Materials/StarWhite.mat using Guid(bcb2a62170afee346b845e5a1840a0d5) Importer(815301076,1909f56bfc062723c751e8b465ee728b)  -> (artifact id: '5f151eded0c78764c4ef50671c3febc5') in 0.023499 seconds
Number of updated asset objects reloaded before import = 0
Number of asset objects unloaded after import = 3
========================================================================
Received Import Request.
  Time since last request: 0.000025 seconds.
  path: Assets/Models/CustomPrefabs/Materials/PlayerB2.mat
  artifactKey: Guid(5d0f88352cdd50a4dadfec3fc0c016fe) Importer(815301076,1909f56bfc062723c751e8b465ee728b)
Start importing Assets/Models/CustomPrefabs/Materials/PlayerB2.mat using Guid(5d0f88352cdd50a4dadfec3fc0c016fe) Importer(815301076,1909f56bfc062723c751e8b465ee728b)  -> (artifact id: '239ee4a10da92c42e7cb8b805d9da4d9') in 0.023275 seconds
Number of updated asset objects reloaded before import = 0
Number of asset objects unloaded after import = 4
========================================================================
Received Import Request.
  Time since last request: 0.000025 seconds.
  path: Assets/Models/CustomPrefabs/Materials/ShopkeeperMaterial.mat
  artifactKey: Guid(ee8386d4d93a5d24d85a45bd45d1fee7) Importer(815301076,1909f56bfc062723c751e8b465ee728b)
Start importing Assets/Models/CustomPrefabs/Materials/ShopkeeperMaterial.mat using Guid(ee8386d4d93a5d24d85a45bd45d1fee7) Importer(815301076,1909f56bfc062723c751e8b465ee728b)  -> (artifact id: '3fcc40f7fca0068e64fcd77d173f7cf1') in 0.024077 seconds
Number of updated asset objects reloaded before import = 0
Number of asset objects unloaded after import = 4
========================================================================
Received Import Request.
  Time since last request: 0.000025 seconds.
  path: Assets/Models/CustomPrefabs/Materials/ShadowMaterial.mat
  artifactKey: Guid(6f4539836ffb4a546bb96eedf082adbe) Importer(815301076,1909f56bfc062723c751e8b465ee728b)
Start importing Assets/Models/CustomPrefabs/Materials/ShadowMaterial.mat using Guid(6f4539836ffb4a546bb96eedf082adbe) Importer(815301076,1909f56bfc062723c751e8b465ee728b)  -> (artifact id: '1d5e2805b01911e0e6a3535db9e7f2c9') in 0.020707 seconds
Number of updated asset objects reloaded before import = 0
Number of asset objects unloaded after import = 4
========================================================================
Received Import Request.
  Time since last request: 0.000027 seconds.
  path: Assets/Models/CustomPrefabs/Materials/SideWallOuterMaterial.mat
  artifactKey: Guid(83acc8b019296ee40a59a7b02baa56ee) Importer(815301076,1909f56bfc062723c751e8b465ee728b)
Start importing Assets/Models/CustomPrefabs/Materials/SideWallOuterMaterial.mat using Guid(83acc8b019296ee40a59a7b02baa56ee) Importer(815301076,1909f56bfc062723c751e8b465ee728b)  -> (artifact id: 'cb54780facee4b7cc804d2e7efac6f99') in 0.022500 seconds
Number of updated asset objects reloaded before import = 0
Number of asset objects unloaded after import = 3
========================================================================
Received Import Request.
  Time since last request: 0.000034 seconds.
  path: Assets/Models/CustomPrefabs/Materials/StatikMaterial.mat
  artifactKey: Guid(659bd65740a6179409c11ed999b4422c) Importer(815301076,1909f56bfc062723c751e8b465ee728b)
Start importing Assets/Models/CustomPrefabs/Materials/StatikMaterial.mat using Guid(659bd65740a6179409c11ed999b4422c) Importer(815301076,1909f56bfc062723c751e8b465ee728b)  -> (artifact id: '5654892065b421a234ca7c7a7c7ac641') in 0.023599 seconds
Number of updated asset objects reloaded before import = 0
Number of asset objects unloaded after import = 4
========================================================================
Received Import Request.
  Time since last request: 0.000025 seconds.
  path: Assets/Models/CustomPrefabs/Materials/ShopWall.mat
  artifactKey: Guid(20a08a061c84a4947810a091195e3311) Importer(815301076,1909f56bfc062723c751e8b465ee728b)
Start importing Assets/Models/CustomPrefabs/Materials/ShopWall.mat using Guid(20a08a061c84a4947810a091195e3311) Importer(815301076,1909f56bfc062723c751e8b465ee728b)  -> (artifact id: '0c839ae1a11ae67f16cf48d1dea4f578') in 0.021673 seconds
Number of updated asset objects reloaded before import = 0
Number of asset objects unloaded after import = 3
========================================================================
Received Import Request.
  Time since last request: 4.457554 seconds.
  path: Assets/Models/CustomPrefabs/Materials/PlayerF 1.mat
  artifactKey: Guid(7a5b4bc0d4434834eb2aa7e30ec7ff64) Importer(815301076,1909f56bfc062723c751e8b465ee728b)
Start importing Assets/Models/CustomPrefabs/Materials/PlayerF 1.mat using Guid(7a5b4bc0d4434834eb2aa7e30ec7ff64) Importer(815301076,1909f56bfc062723c751e8b465ee728b)  -> (artifact id: 'ed3772dd06e8be3bef3c219cd4d66476') in 0.021674 seconds
Number of updated asset objects reloaded before import = 0
Number of asset objects unloaded after import = 4
========================================================================
Received Import Request.
  Time since last request: 6.275715 seconds.
  path: Assets/Resources/StartAnim/play26.png
  artifactKey: Guid(262681cb81eb7fc4889893db46cc7644) Importer(815301076,1909f56bfc062723c751e8b465ee728b)
Start importing Assets/Resources/StartAnim/play26.png using Guid(262681cb81eb7fc4889893db46cc7644) Importer(815301076,1909f56bfc062723c751e8b465ee728b)  -> (artifact id: 'faca14baa155989ceecbfef5769e11cc') in 0.088437 seconds
Number of updated asset objects reloaded before import = 0
Number of asset objects unloaded after import = 2
========================================================================
Received Import Request.
  Time since last request: 0.000026 seconds.
  path: Assets/Models/CustomPrefabs/SideWall2.png
  artifactKey: Guid(5d3b8de51bbf3944095abd491b3bcbc1) Importer(815301076,1909f56bfc062723c751e8b465ee728b)
Start importing Assets/Models/CustomPrefabs/SideWall2.png using Guid(5d3b8de51bbf3944095abd491b3bcbc1) Importer(815301076,1909f56bfc062723c751e8b465ee728b)  -> (artifact id: '3142bab4b2714099059f647c81c8be57') in 0.056216 seconds
Number of updated asset objects reloaded before import = 0
Number of asset objects unloaded after import = 3
========================================================================
Received Import Request.
  Time since last request: 0.000030 seconds.
  path: Assets/Resources/StartAnim/play58.png
  artifactKey: Guid(6cbf12a16567228408115bfefbe58f8a) Importer(815301076,1909f56bfc062723c751e8b465ee728b)
Start importing Assets/Resources/StartAnim/play58.png using Guid(6cbf12a16567228408115bfefbe58f8a) Importer(815301076,1909f56bfc062723c751e8b465ee728b)  -> (artifact id: 'a661154100a17312439ea931a0c5ce58') in 0.029462 seconds
Number of updated asset objects reloaded before import = 0
Number of asset objects unloaded after import = 2
========================================================================
Received Import Request.
  Time since last request: 0.000026 seconds.
  path: Assets/Scenes/SampleScene/ReflectionProbe-0.exr
  artifactKey: Guid(e1c5d19ba67f18147aada676c2cbdc85) Importer(815301076,1909f56bfc062723c751e8b465ee728b)
Start importing Assets/Scenes/SampleScene/ReflectionProbe-0.exr using Guid(e1c5d19ba67f18147aada676c2cbdc85) Importer(815301076,1909f56bfc062723c751e8b465ee728b)  -> (artifact id: '296bc3a4a43f5620fa712b6ca088339c') in 0.035082 seconds
Number of updated asset objects reloaded before import = 0
Number of asset objects unloaded after import = 2
========================================================================
Received Import Request.
  Time since last request: 0.000024 seconds.
  path: Assets/Sprites/Spaceship tileset/Spaceship Tileset/tilesets/Spacestation_Inside_A2.png
  artifactKey: Guid(64ade4a74e5728c4292b4eb3306206d1) Importer(815301076,1909f56bfc062723c751e8b465ee728b)
Start importing Assets/Sprites/Spaceship tileset/Spaceship Tileset/tilesets/Spacestation_Inside_A2.png using Guid(64ade4a74e5728c4292b4eb3306206d1) Importer(815301076,1909f56bfc062723c751e8b465ee728b)  -> (artifact id: '271ca7f7fc73274c7cdf2d79afaf8ecb') in 0.355973 seconds
Number of updated asset objects reloaded before import = 0
Number of asset objects unloaded after import = 170
========================================================================
Received Import Request.
  Time since last request: 0.000028 seconds.
  path: Assets/Resources/StartAnim/play39.png
  artifactKey: Guid(0bb23bf0dcfb0624396da5dda294e717) Importer(815301076,1909f56bfc062723c751e8b465ee728b)
Start importing Assets/Resources/StartAnim/play39.png using Guid(0bb23bf0dcfb0624396da5dda294e717) Importer(815301076,1909f56bfc062723c751e8b465ee728b)  -> (artifact id: 'e223c0e5a7845ab8f59f357441b89c9b') in 0.030607 seconds
Number of updated asset objects reloaded before import = 0
Number of asset objects unloaded after import = 2
========================================================================
Received Import Request.
  Time since last request: 0.000032 seconds.
  path: Assets/Sprites/Spaceship tileset/Spaceship Tileset/tilesets/Spacestation_Inside_A1.png
  artifactKey: Guid(3b37ff2868612dc438cde09a8727bf73) Importer(815301076,1909f56bfc062723c751e8b465ee728b)
Start importing Assets/Sprites/Spaceship tileset/Spaceship Tileset/tilesets/Spacestation_Inside_A1.png using Guid(3b37ff2868612dc438cde09a8727bf73) Importer(815301076,1909f56bfc062723c751e8b465ee728b)  -> (artifact id: '135e6851d1f5b5203d21861610e9fabb') in 0.046340 seconds
Number of updated asset objects reloaded before import = 0
Number of asset objects unloaded after import = 3
========================================================================
Received Import Request.
  Time since last request: 0.000023 seconds.
  path: Assets/Sprites/Spaceship tileset/Spaceship Tileset/tilesets/Spacestation_Inside_A4.png
  artifactKey: Guid(ae39e30fd626de74d8779eac1321aacc) Importer(815301076,1909f56bfc062723c751e8b465ee728b)
Start importing Assets/Sprites/Spaceship tileset/Spaceship Tileset/tilesets/Spacestation_Inside_A4.png using Guid(ae39e30fd626de74d8779eac1321aacc) Importer(815301076,1909f56bfc062723c751e8b465ee728b)  -> (artifact id: '56754e1871281bba5e038ced06f8b2b8') in 0.238736 seconds
Number of updated asset objects reloaded before import = 0
Number of asset objects unloaded after import = 111
========================================================================
Received Import Request.
  Time since last request: 0.217468 seconds.
  path: Assets/Sprites/Spaceship tileset/Spaceship Tileset/parallaxes/Universe.png
  artifactKey: Guid(aa18ca81facb6d84882c9aa2e9b43703) Importer(815301076,1909f56bfc062723c751e8b465ee728b)
Start importing Assets/Sprites/Spaceship tileset/Spaceship Tileset/parallaxes/Universe.png using Guid(aa18ca81facb6d84882c9aa2e9b43703) Importer(815301076,1909f56bfc062723c751e8b465ee728b)  -> (artifact id: '0e83fe6425ab948e33e61038b027be05') in 0.044593 seconds
Number of updated asset objects reloaded before import = 0
Number of asset objects unloaded after import = 3
========================================================================
Received Import Request.
  Time since last request: 0.000024 seconds.
  path: Assets/Sprites/Spaceship tileset/Spaceship Tileset/parallaxes/UniverseText.png
  artifactKey: Guid(73814174ef6233c4a8ece3dc4a27bc1c) Importer(815301076,1909f56bfc062723c751e8b465ee728b)
Start importing Assets/Sprites/Spaceship tileset/Spaceship Tileset/parallaxes/UniverseText.png using Guid(73814174ef6233c4a8ece3dc4a27bc1c) Importer(815301076,1909f56bfc062723c751e8b465ee728b)  -> (artifact id: 'ac8ecacab8b453115704332bd47159fa') in 0.066050 seconds
Number of updated asset objects reloaded before import = 0
Number of asset objects unloaded after import = 2
========================================================================
Received Import Request.
  Time since last request: 30.526055 seconds.
  path: Assets/Models/CustomPrefabs/Earth.png
  artifactKey: Guid(2e79235569c2e694c8db2deae34954e9) Importer(815301076,1909f56bfc062723c751e8b465ee728b)
Start importing Assets/Models/CustomPrefabs/Earth.png using Guid(2e79235569c2e694c8db2deae34954e9) Importer(815301076,1909f56bfc062723c751e8b465ee728b)  -> (artifact id: '4402ee6694a509d74a618884f1f168a9') in 0.043532 seconds
Number of updated asset objects reloaded before import = 0
Number of asset objects unloaded after import = 3
========================================================================
Received Import Request.
  Time since last request: 0.000025 seconds.
  path: Assets/Models/CustomPrefabs/Floor.PNG
  artifactKey: Guid(3756f9135003194419c14ca10dd33484) Importer(815301076,1909f56bfc062723c751e8b465ee728b)
Start importing Assets/Models/CustomPrefabs/Floor.PNG using Guid(3756f9135003194419c14ca10dd33484) Importer(815301076,1909f56bfc062723c751e8b465ee728b)  -> (artifact id: '140364f4b9516812a7a4cb89cc935f61') in 0.073462 seconds
Number of updated asset objects reloaded before import = 0
Number of asset objects unloaded after import = 2
========================================================================
Received Import Request.
  Time since last request: 0.000028 seconds.
  path: Assets/Models/CustomPrefabs/StarPrefab.prefab
  artifactKey: Guid(92a1047acfe097e468358334a6d56f15) Importer(815301076,1909f56bfc062723c751e8b465ee728b)
Start importing Assets/Models/CustomPrefabs/StarPrefab.prefab using Guid(92a1047acfe097e468358334a6d56f15) Importer(815301076,1909f56bfc062723c751e8b465ee728b)  -> (artifact id: '6527a3133d4d6b9c1124f8c596b6b10f') in 0.021037 seconds
Number of updated asset objects reloaded before import = 0
Number of asset objects unloaded after import = 32
========================================================================
Received Import Request.
  Time since last request: 11.222157 seconds.
  path: Assets/Sprites/Spaceship tileset/Spaceship Tileset/characters/!$Spaceship_Glowing_Light.png
  artifactKey: Guid(cb4edfae27cd5f04780a80b14879faaf) Importer(815301076,1909f56bfc062723c751e8b465ee728b)
Start importing Assets/Sprites/Spaceship tileset/Spaceship Tileset/characters/!$Spaceship_Glowing_Light.png using Guid(cb4edfae27cd5f04780a80b14879faaf) Importer(815301076,1909f56bfc062723c751e8b465ee728b)  -> (artifact id: '22f47e3222b72a9729e15b84d7febbfb') in 0.048390 seconds
Number of updated asset objects reloaded before import = 0
Number of asset objects unloaded after import = 3
========================================================================
Received Import Request.
  Time since last request: 0.000023 seconds.
  path: Assets/Sprites/Spaceship tileset/Spaceship Tileset/characters/!Spaceship_Decoration_static.png
  artifactKey: Guid(71016c480c02032439573a794ea45a6c) Importer(815301076,1909f56bfc062723c751e8b465ee728b)
Start importing Assets/Sprites/Spaceship tileset/Spaceship Tileset/characters/!Spaceship_Decoration_static.png using Guid(71016c480c02032439573a794ea45a6c) Importer(815301076,1909f56bfc062723c751e8b465ee728b)  -> (artifact id: '236658da744cca347652efc27e0f326b') in 0.051143 seconds
Number of updated asset objects reloaded before import = 0
Number of asset objects unloaded after import = 3
========================================================================
Received Import Request.
  Time since last request: 0.000033 seconds.
  path: Assets/Resources/StartAnim/play17.png
  artifactKey: Guid(60f769d2c26b4324b99d0124532f03b9) Importer(815301076,1909f56bfc062723c751e8b465ee728b)
Start importing Assets/Resources/StartAnim/play17.png using Guid(60f769d2c26b4324b99d0124532f03b9) Importer(815301076,1909f56bfc062723c751e8b465ee728b)  -> (artifact id: '4e401a9aa86db3d4ccde8b1dee8f8655') in 0.035162 seconds
Number of updated asset objects reloaded before import = 0
Number of asset objects unloaded after import = 2
========================================================================
Received Import Request.
  Time since last request: 0.000021 seconds.
  path: Assets/Resources/StartAnim/play18.png
  artifactKey: Guid(5e642967069d48b4db7ca296be08e6bb) Importer(815301076,1909f56bfc062723c751e8b465ee728b)
Start importing Assets/Resources/StartAnim/play18.png using Guid(5e642967069d48b4db7ca296be08e6bb) Importer(815301076,1909f56bfc062723c751e8b465ee728b)  -> (artifact id: '46633bb3d98efe2b53cb4962f7489db4') in 0.031001 seconds
Number of updated asset objects reloaded before import = 0
Number of asset objects unloaded after import = 2
========================================================================
Received Import Request.
  Time since last request: 0.000029 seconds.
  path: Assets/TextMesh Pro/Resources/Fonts & Materials/LiberationSans SDF - Fallback.asset
  artifactKey: Guid(2e498d1c8094910479dc3e1b768306a4) Importer(815301076,1909f56bfc062723c751e8b465ee728b)
Start importing Assets/TextMesh Pro/Resources/Fonts & Materials/LiberationSans SDF - Fallback.asset using Guid(2e498d1c8094910479dc3e1b768306a4) Importer(815301076,1909f56bfc062723c751e8b465ee728b)  -> (artifact id: '9ffdea569216cb830beb0a5cdb19941a') in 0.039808 seconds
Number of updated asset objects reloaded before import = 0
Number of asset objects unloaded after import = 7
========================================================================
Received Import Request.
  Time since last request: 0.000042 seconds.
  path: Assets/Resources/StartAnim/play11.png
  artifactKey: Guid(6bf2997b43b6a7c46affb927e97f63c3) Importer(815301076,1909f56bfc062723c751e8b465ee728b)
Start importing Assets/Resources/StartAnim/play11.png using Guid(6bf2997b43b6a7c46affb927e97f63c3) Importer(815301076,1909f56bfc062723c751e8b465ee728b)  -> (artifact id: 'c59054d4a18f13d2c57036e2824c61e9') in 0.034216 seconds
Number of updated asset objects reloaded before import = 0
Number of asset objects unloaded after import = 2
========================================================================
Received Import Request.
  Time since last request: 0.000022 seconds.
  path: Assets/Sprites/Spaceship tileset/Spaceship Tileset/characters/!Spaceship_decoration2.png
  artifactKey: Guid(048791c417e76974a801b0e21348eae6) Importer(815301076,1909f56bfc062723c751e8b465ee728b)
Start importing Assets/Sprites/Spaceship tileset/Spaceship Tileset/characters/!Spaceship_decoration2.png using Guid(048791c417e76974a801b0e21348eae6) Importer(815301076,1909f56bfc062723c751e8b465ee728b)  -> (artifact id: '1d6daabe13c1d70cfe3baa051aa29099') in 0.044264 seconds
Number of updated asset objects reloaded before import = 0
Number of asset objects unloaded after import = 3
========================================================================
Received Import Request.
  Time since last request: 0.000033 seconds.
  path: Assets/Resources/StartAnim/play21.png
  artifactKey: Guid(c6fdf4b461cc2d645bd3e316efccf25d) Importer(815301076,1909f56bfc062723c751e8b465ee728b)
Start importing Assets/Resources/StartAnim/play21.png using Guid(c6fdf4b461cc2d645bd3e316efccf25d) Importer(815301076,1909f56bfc062723c751e8b465ee728b)  -> (artifact id: '68985aff27e14a5c3194fbf0c05e71b3') in 0.032357 seconds
Number of updated asset objects reloaded before import = 0
Number of asset objects unloaded after import = 2
========================================================================
Received Import Request.
  Time since last request: 0.000021 seconds.
  path: Assets/Resources/StartAnim/play19.png
  artifactKey: Guid(a40285284e3e35444894a8a1373b99c0) Importer(815301076,1909f56bfc062723c751e8b465ee728b)
Start importing Assets/Resources/StartAnim/play19.png using Guid(a40285284e3e35444894a8a1373b99c0) Importer(815301076,1909f56bfc062723c751e8b465ee728b)  -> (artifact id: '2081786632437dd93523868d7ad549e9') in 0.031325 seconds
Number of updated asset objects reloaded before import = 0
Number of asset objects unloaded after import = 2
========================================================================
Received Import Request.
  Time since last request: 0.000020 seconds.
  path: Assets/Resources/StartAnim/play9.png
  artifactKey: Guid(dacebfdc8f8c699418258c8982ab2b2a) Importer(815301076,1909f56bfc062723c751e8b465ee728b)
Start importing Assets/Resources/StartAnim/play9.png using Guid(dacebfdc8f8c699418258c8982ab2b2a) Importer(815301076,1909f56bfc062723c751e8b465ee728b)  -> (artifact id: 'e319b44a3328b6b93a42396527efdf32') in 0.030529 seconds
Number of updated asset objects reloaded before import = 0
Number of asset objects unloaded after import = 2
========================================================================
Received Import Request.
  Time since last request: 0.000038 seconds.
  path: Assets/Sprites/Spaceship tileset/Spaceship Tileset/characters/!Spaceship_switches.png
  artifactKey: Guid(fd7530faf51f99d4a8215c773efc7208) Importer(815301076,1909f56bfc062723c751e8b465ee728b)
Start importing Assets/Sprites/Spaceship tileset/Spaceship Tileset/characters/!Spaceship_switches.png using Guid(fd7530faf51f99d4a8215c773efc7208) Importer(815301076,1909f56bfc062723c751e8b465ee728b)  -> (artifact id: '7625c11709266b44c27e5fc48d88dbc2') in 0.044673 seconds
Number of updated asset objects reloaded before import = 0
Number of asset objects unloaded after import = 3
========================================================================
Received Import Request.
  Time since last request: 0.000023 seconds.
  path: Assets/Sprites/Spaceship tileset/Spaceship Tileset/characters/!Spaceship_computer.png
  artifactKey: Guid(784d8f502565db5449e31910995aa130) Importer(815301076,1909f56bfc062723c751e8b465ee728b)
Start importing Assets/Sprites/Spaceship tileset/Spaceship Tileset/characters/!Spaceship_computer.png using Guid(784d8f502565db5449e31910995aa130) Importer(815301076,1909f56bfc062723c751e8b465ee728b)  -> (artifact id: 'efd16b48eb64004a22206eac4d637497') in 0.049958 seconds
Number of updated asset objects reloaded before import = 0
Number of asset objects unloaded after import = 3
========================================================================
Received Import Request.
  Time since last request: 0.000039 seconds.
  path: Assets/Sprites/Spaceship tileset/Spaceship Tileset/characters/!Spaceship_decoration_signs.png
  artifactKey: Guid(4de4c0b01bf724e43991bced001132f6) Importer(815301076,1909f56bfc062723c751e8b465ee728b)
Start importing Assets/Sprites/Spaceship tileset/Spaceship Tileset/characters/!Spaceship_decoration_signs.png using Guid(4de4c0b01bf724e43991bced001132f6) Importer(815301076,1909f56bfc062723c751e8b465ee728b)  -> (artifact id: 'bfd758d80db49b923125b9933e77c20e') in 0.050877 seconds
Number of updated asset objects reloaded before import = 0
Number of asset objects unloaded after import = 3
========================================================================
Received Import Request.
  Time since last request: 2.267673 seconds.
  path: Assets/Sprites/Spaceship tileset/Spaceship Tileset/characters/!$Consoles_main.png
  artifactKey: Guid(506cf6229d1ceac4681605fd19fab220) Importer(815301076,1909f56bfc062723c751e8b465ee728b)
Start importing Assets/Sprites/Spaceship tileset/Spaceship Tileset/characters/!$Consoles_main.png using Guid(506cf6229d1ceac4681605fd19fab220) Importer(815301076,1909f56bfc062723c751e8b465ee728b)  -> (artifact id: 'cb1d8a33caecac976b3c07856b889389') in 0.047296 seconds
Number of updated asset objects reloaded before import = 0
Number of asset objects unloaded after import = 3
========================================================================
Received Import Request.
  Time since last request: 0.000024 seconds.
  path: Assets/Sprites/Spaceship tileset/Spaceship Tileset/characters/!$Spaceship_elevator_big.png
  artifactKey: Guid(192bbf3a7c056084cad349540b52b64d) Importer(815301076,1909f56bfc062723c751e8b465ee728b)
Start importing Assets/Sprites/Spaceship tileset/Spaceship Tileset/characters/!$Spaceship_elevator_big.png using Guid(192bbf3a7c056084cad349540b52b64d) Importer(815301076,1909f56bfc062723c751e8b465ee728b)  -> (artifact id: 'c989c18f828a9f549a678062b4820977') in 0.044050 seconds
Number of updated asset objects reloaded before import = 0
Number of asset objects unloaded after import = 3
========================================================================
Received Import Request.
  Time since last request: 0.000024 seconds.
  path: Assets/Sprites/Spaceship tileset/Spaceship Tileset/characters/!$Light_Sidewall.png
  artifactKey: Guid(701ccb4ab7042b040abb5b1ed8fbd76f) Importer(815301076,1909f56bfc062723c751e8b465ee728b)
Start importing Assets/Sprites/Spaceship tileset/Spaceship Tileset/characters/!$Light_Sidewall.png using Guid(701ccb4ab7042b040abb5b1ed8fbd76f) Importer(815301076,1909f56bfc062723c751e8b465ee728b)  -> (artifact id: '92c95819d3a494db6002db7585ab6cc0') in 0.041976 seconds
Number of updated asset objects reloaded before import = 0
Number of asset objects unloaded after import = 3
========================================================================
Received Import Request.
  Time since last request: 132.291902 seconds.
  path: Assets/Sprites/New Material.mat
  artifactKey: Guid(62501311777de5f429812104ed16f7fb) Importer(815301076,1909f56bfc062723c751e8b465ee728b)
Start importing Assets/Sprites/New Material.mat using Guid(62501311777de5f429812104ed16f7fb) Importer(815301076,1909f56bfc062723c751e8b465ee728b)  -> (artifact id: '2e9be675af8368c9056eda0dcdb5d132') in 0.021122 seconds
Number of updated asset objects reloaded before import = 0
Number of asset objects unloaded after import = 2
========================================================================
Received Import Request.
  Time since last request: 95.080450 seconds.
  path: Assets/Sprites/New Material.mat
  artifactKey: Guid(62501311777de5f429812104ed16f7fb) Importer(815301076,1909f56bfc062723c751e8b465ee728b)
Start importing Assets/Sprites/New Material.mat using Guid(62501311777de5f429812104ed16f7fb) Importer(815301076,1909f56bfc062723c751e8b465ee728b)  -> (artifact id: 'ba347a504f5528118dca0c67d6b62300') in 0.020763 seconds
Number of updated asset objects reloaded before import = 0
Number of asset objects unloaded after import = 2
========================================================================
Received Import Request.
  Time since last request: 181.814608 seconds.
  path: Assets/Sprites/ShopItems
  artifactKey: Guid(428e0470c30c75d4488ba9d54b188506) Importer(815301076,1909f56bfc062723c751e8b465ee728b)
Start importing Assets/Sprites/ShopItems using Guid(428e0470c30c75d4488ba9d54b188506) Importer(815301076,1909f56bfc062723c751e8b465ee728b)  -> (artifact id: 'd9429e76be910f56fb0e4fd32c0ab6f9') in 0.000797 seconds
Number of updated asset objects reloaded before import = 0
Number of asset objects unloaded after import = 0
========================================================================
Received Import Request.
  Time since last request: 1.919178 seconds.
  path: Assets/Sprites/ShopItems/PlayerF.mat
  artifactKey: Guid(dd33b627bb2fa1143a921c4eb45f776b) Importer(815301076,1909f56bfc062723c751e8b465ee728b)
Start importing Assets/Sprites/ShopItems/PlayerF.mat using Guid(dd33b627bb2fa1143a921c4eb45f776b) Importer(815301076,1909f56bfc062723c751e8b465ee728b)  -> (artifact id: '1c3f1290d4c4d969ff4eff0de6762440') in 0.022013 seconds
Number of updated asset objects reloaded before import = 0
Number of asset objects unloaded after import = 4
========================================================================
Received Import Request.
  Time since last request: 22.949732 seconds.
  path: Assets/Sprites/ShopItems/item_0.png
  artifactKey: Guid(9ede4a42224a2c3479094730935bbe52) Importer(815301076,1909f56bfc062723c751e8b465ee728b)
Start importing Assets/Sprites/ShopItems/item_0.png using Guid(9ede4a42224a2c3479094730935bbe52) Importer(815301076,1909f56bfc062723c751e8b465ee728b)  -> (artifact id: '0168ee474493693e87dca04e5cb562a2') in 0.042410 seconds
Number of updated asset objects reloaded before import = 0
Number of asset objects unloaded after import = 3
========================================================================
Received Import Request.
  Time since last request: 0.000022 seconds.
  path: Assets/Sprites/ShopItems/item_3.png
  artifactKey: Guid(6447a7c08f6013d43a3837f74eae1f85) Importer(815301076,1909f56bfc062723c751e8b465ee728b)
Start importing Assets/Sprites/ShopItems/item_3.png using Guid(6447a7c08f6013d43a3837f74eae1f85) Importer(815301076,1909f56bfc062723c751e8b465ee728b)  -> (artifact id: 'f01f6a8c0f38e125fb7f49bd08a9e9e8') in 0.043283 seconds
Number of updated asset objects reloaded before import = 0
Number of asset objects unloaded after import = 3
========================================================================
Received Import Request.
  Time since last request: 1.099564 seconds.
  path: Assets/Sprites/ShopItems/New Folder
  artifactKey: Guid(5c3d2d000712ea7449f9f2ab9aae4033) Importer(815301076,1909f56bfc062723c751e8b465ee728b)
Start importing Assets/Sprites/ShopItems/New Folder using Guid(5c3d2d000712ea7449f9f2ab9aae4033) Importer(815301076,1909f56bfc062723c751e8b465ee728b)  -> (artifact id: '17840d01bbc041f63dead950d531f32c') in 0.000760 seconds
Number of updated asset objects reloaded before import = 0
Number of asset objects unloaded after import = 0
========================================================================
Received Import Request.
  Time since last request: 18.329128 seconds.
  path: Assets/Sprites/ShopItems/item_0.png
  artifactKey: Guid(9ede4a42224a2c3479094730935bbe52) Importer(815301076,1909f56bfc062723c751e8b465ee728b)
Start importing Assets/Sprites/ShopItems/item_0.png using Guid(9ede4a42224a2c3479094730935bbe52) Importer(815301076,1909f56bfc062723c751e8b465ee728b)  -> (artifact id: '96d0fe17b3f652d706f5e6fb7b5cc846') in 0.040673 seconds
Number of updated asset objects reloaded before import = 0
Number of asset objects unloaded after import = 2
========================================================================
Received Import Request.
  Time since last request: 4.562391 seconds.
  path: Assets/Sprites/ShopItems/item_0.png
  artifactKey: Guid(9ede4a42224a2c3479094730935bbe52) Importer(815301076,1909f56bfc062723c751e8b465ee728b)
Start importing Assets/Sprites/ShopItems/item_0.png using Guid(9ede4a42224a2c3479094730935bbe52) Importer(815301076,1909f56bfc062723c751e8b465ee728b)  -> (artifact id: 'b3d9845384b9b38f9037b56ecf01fece') in 0.040392 seconds
Number of updated asset objects reloaded before import = 0
Number of asset objects unloaded after import = 2
========================================================================
Received Import Request.
  Time since last request: 5.783837 seconds.
  path: Assets/Sprites/ShopItems/ShopItem.preset
  artifactKey: Guid(a3fa870495d3e154b8737ad59e520517) Importer(815301076,1909f56bfc062723c751e8b465ee728b)
Start importing Assets/Sprites/ShopItems/ShopItem.preset using Guid(a3fa870495d3e154b8737ad59e520517) Importer(815301076,1909f56bfc062723c751e8b465ee728b)  -> (artifact id: 'fd919d9b1202f040e09f567c45344c20') in 0.003205 seconds
Number of updated asset objects reloaded before import = 0
Number of asset objects unloaded after import = 1
========================================================================
Received Import Request.
  Time since last request: 15.724222 seconds.
  path: Assets/Sprites/ShopItems/item_1.png
  artifactKey: Guid(cf93f69bbdb46794f87a8bcce7469c4c) Importer(815301076,1909f56bfc062723c751e8b465ee728b)
Start importing Assets/Sprites/ShopItems/item_1.png using Guid(cf93f69bbdb46794f87a8bcce7469c4c) Importer(815301076,1909f56bfc062723c751e8b465ee728b)  -> (artifact id: 'ce7251c012fe3672541f5e7f49328509') in 0.040897 seconds
Number of updated asset objects reloaded before import = 0
Number of asset objects unloaded after import = 2
========================================================================
Received Import Request.
  Time since last request: 4.196338 seconds.
  path: Assets/Sprites/ShopItems/item_2.png
  artifactKey: Guid(829eaadab9ef584418d2be86e2ff52ef) Importer(815301076,1909f56bfc062723c751e8b465ee728b)
Start importing Assets/Sprites/ShopItems/item_2.png using Guid(829eaadab9ef584418d2be86e2ff52ef) Importer(815301076,1909f56bfc062723c751e8b465ee728b)  -> (artifact id: '1a8aad77f8a8ecf2b75ea0bf00f0147c') in 0.040806 seconds
Number of updated asset objects reloaded before import = 0
Number of asset objects unloaded after import = 2
========================================================================
Received Import Request.
  Time since last request: 4.039906 seconds.
  path: Assets/Sprites/ShopItems/item_3.png
  artifactKey: Guid(6447a7c08f6013d43a3837f74eae1f85) Importer(815301076,1909f56bfc062723c751e8b465ee728b)
Start importing Assets/Sprites/ShopItems/item_3.png using Guid(6447a7c08f6013d43a3837f74eae1f85) Importer(815301076,1909f56bfc062723c751e8b465ee728b)  -> (artifact id: '437439f171f6d8a95c9cf8068320a822') in 0.039798 seconds
Number of updated asset objects reloaded before import = 0
Number of asset objects unloaded after import = 2
========================================================================
Received Import Request.
  Time since last request: 12.702326 seconds.
  path: Assets/Models/CustomPrefabs/Materials/Item.mat
  artifactKey: Guid(7a5b4bc0d4434834eb2aa7e30ec7ff64) Importer(815301076,1909f56bfc062723c751e8b465ee728b)
Start importing Assets/Models/CustomPrefabs/Materials/Item.mat using Guid(7a5b4bc0d4434834eb2aa7e30ec7ff64) Importer(815301076,1909f56bfc062723c751e8b465ee728b)  -> (artifact id: '3b4bc2b882fd2d2f0261be66c80c905a') in 0.021973 seconds
Number of updated asset objects reloaded before import = 0
Number of asset objects unloaded after import = 3
========================================================================
Received Import Request.
  Time since last request: 28.715190 seconds.
  path: Assets/TextMesh Pro/Resources/Fonts & Materials/VCR_OSD_MONO_1.001.ttf
  artifactKey: Guid(7386cf7aaf54c0a4198f6f603b8b8093) Importer(815301076,1909f56bfc062723c751e8b465ee728b)
Start importing Assets/TextMesh Pro/Resources/Fonts & Materials/VCR_OSD_MONO_1.001.ttf using Guid(7386cf7aaf54c0a4198f6f603b8b8093) Importer(815301076,1909f56bfc062723c751e8b465ee728b)  -> (artifact id: '783d63ef197f09e5aa90b4c8cb92cb81') in 0.029510 seconds
Number of updated asset objects reloaded before import = 0
Number of asset objects unloaded after import = 5
========================================================================
Received Import Request.
  Time since last request: 0.000032 seconds.
  path: Assets/TextMesh Pro/Resources/Fonts & Materials/LiberationSans SDF - Outline.mat
  artifactKey: Guid(79459efec17a4d00a321bdcc27bbc385) Importer(815301076,1909f56bfc062723c751e8b465ee728b)
Start importing Assets/TextMesh Pro/Resources/Fonts & Materials/LiberationSans SDF - Outline.mat using Guid(79459efec17a4d00a321bdcc27bbc385) Importer(815301076,1909f56bfc062723c751e8b465ee728b)  -> (artifact id: '1f7262d7c28c0acdd522c2f6a7af0bc5') in 0.111762 seconds
Number of updated asset objects reloaded before import = 0
Number of asset objects unloaded after import = 3
========================================================================
Received Import Request.
  Time since last request: 0.000027 seconds.
  path: Assets/TextMesh Pro/Resources/Fonts & Materials/LiberationSans SDF - Drop Shadow.mat
  artifactKey: Guid(e73a58f6e2794ae7b1b7e50b7fb811b0) Importer(815301076,1909f56bfc062723c751e8b465ee728b)
Start importing Assets/TextMesh Pro/Resources/Fonts & Materials/LiberationSans SDF - Drop Shadow.mat using Guid(e73a58f6e2794ae7b1b7e50b7fb811b0) Importer(815301076,1909f56bfc062723c751e8b465ee728b)  -> (artifact id: '62eb986bce0a62e54552d5f4a5947ea7') in 0.099755 seconds
Number of updated asset objects reloaded before import = 0
Number of asset objects unloaded after import = 3
========================================================================
Received Import Request.
  Time since last request: 0.000037 seconds.
  path: Assets/Sprites/Materials/Shadow.mat
  artifactKey: Guid(9627d291691eba7459e69ff76d90f760) Importer(815301076,1909f56bfc062723c751e8b465ee728b)
Start importing Assets/Sprites/Materials/Shadow.mat using Guid(9627d291691eba7459e69ff76d90f760) Importer(815301076,1909f56bfc062723c751e8b465ee728b)  -> (artifact id: '00b69976ad2fd94354556922ee412bfd') in 0.019579 seconds
Number of updated asset objects reloaded before import = 0
Number of asset objects unloaded after import = 2
Editor requested this worker to shutdown with reason: Scaling down because of idle timeout
TcpMessagingSession - receive error: operation aborted. errorcode: 995, details: The I/O operation has been aborted because of either a thread exit or an application request.
AssetImportWorker is now disconnected from the server
Process exiting
Exiting without the bug reporter. Application will terminate with return code 0